2025-04-25 04:42:38.054 | WARNING  | src.summarizer:_gensim_summarize:125 - Summarization failed: 
**********************************************************************
  Resource [93mpunkt_tab[0m not found.
  Please use the NLTK Downloader to obtain the resource:

  [31m>>> import nltk
  >>> nltk.download('punkt_tab')
  [0m
  For more information see: https://www.nltk.org/data.html

  Attempted to load [93mtokenizers/punkt_tab/english/[0m

  Searched in:
    - '/root/nltk_data'
    - '/usr/local/python/3.10.13/nltk_data'
    - '/usr/local/python/3.10.13/share/nltk_data'
    - '/usr/local/python/3.10.13/lib/nltk_data'
    - '/usr/share/nltk_data'
    - '/usr/local/share/nltk_data'
    - '/usr/lib/nltk_data'
    - '/usr/local/lib/nltk_data'
**********************************************************************

2025-04-25 04:42:38.055 | ERROR    | src.processor:split_into_sentences:98 - Error splitting text into sentences: 
**********************************************************************
  Resource [93mpunkt_tab[0m not found.
  Please use the NLTK Downloader to obtain the resource:

  [31m>>> import nltk
  >>> nltk.download('punkt_tab')
  [0m
  For more information see: https://www.nltk.org/data.html

  Attempted to load [93mtokenizers/punkt_tab/english/[0m

  Searched in:
    - '/root/nltk_data'
    - '/usr/local/python/3.10.13/nltk_data'
    - '/usr/local/python/3.10.13/share/nltk_data'
    - '/usr/local/python/3.10.13/lib/nltk_data'
    - '/usr/share/nltk_data'
    - '/usr/local/share/nltk_data'
    - '/usr/lib/nltk_data'
    - '/usr/local/lib/nltk_data'
**********************************************************************

2025-04-25 04:42:38.063 | INFO     | src.storage:save_article:79 - Article saved successfully: The Importance of Artificial Intelligence
2025-04-25 04:43:45.237 | WARNING  | src.summarizer:_gensim_summarize:126 - Summarization failed: 
**********************************************************************
  Resource [93mpunkt_tab[0m not found.
  Please use the NLTK Downloader to obtain the resource:

  [31m>>> import nltk
  >>> nltk.download('punkt_tab')
  [0m
  For more information see: https://www.nltk.org/data.html

  Attempted to load [93mtokenizers/punkt_tab/english/[0m

  Searched in:
    - '/root/nltk_data'
    - '/usr/local/python/3.10.13/nltk_data'
    - '/usr/local/python/3.10.13/share/nltk_data'
    - '/usr/local/python/3.10.13/lib/nltk_data'
    - '/usr/share/nltk_data'
    - '/usr/local/share/nltk_data'
    - '/usr/lib/nltk_data'
    - '/usr/local/lib/nltk_data'
**********************************************************************

2025-04-25 04:43:45.237 | ERROR    | src.processor:split_into_sentences:100 - Error splitting text into sentences: 
**********************************************************************
  Resource [93mpunkt_tab[0m not found.
  Please use the NLTK Downloader to obtain the resource:

  [31m>>> import nltk
  >>> nltk.download('punkt_tab')
  [0m
  For more information see: https://www.nltk.org/data.html

  Attempted to load [93mtokenizers/punkt_tab/english/[0m

  Searched in:
    - '/root/nltk_data'
    - '/usr/local/python/3.10.13/nltk_data'
    - '/usr/local/python/3.10.13/share/nltk_data'
    - '/usr/local/python/3.10.13/lib/nltk_data'
    - '/usr/share/nltk_data'
    - '/usr/local/share/nltk_data'
    - '/usr/lib/nltk_data'
    - '/usr/local/lib/nltk_data'
**********************************************************************

2025-04-25 04:43:45.247 | INFO     | src.storage:save_article:79 - Article saved successfully: The Importance of Artificial Intelligence
2025-04-25 04:44:49.674 | INFO     | src.storage:save_article:79 - Article saved successfully: The Importance of Artificial Intelligence
2025-04-25 04:48:17.279 | INFO     | src.scraper:scrape:89 - Scraping article from: https://example.com/article1
2025-04-25 04:48:19.348 | WARNING  | src.scraper:scrape:119 - Attempt 1 failed: 404 Client Error: Not Found for url: https://example.com/article1
2025-04-25 04:48:22.227 | WARNING  | src.scraper:scrape:119 - Attempt 2 failed: 404 Client Error: Not Found for url: https://example.com/article1
2025-04-25 04:48:24.113 | WARNING  | src.scraper:scrape:119 - Attempt 3 failed: 404 Client Error: Not Found for url: https://example.com/article1
2025-04-25 04:48:24.113 | ERROR    | src.scraper:scrape:121 - Failed to scrape article after 3 attempts
2025-04-25 04:48:24.113 | INFO     | src.scraper:scrape:89 - Scraping article from: https://example.com/article2
2025-04-25 04:48:26.637 | WARNING  | src.scraper:scrape:119 - Attempt 1 failed: 404 Client Error: Not Found for url: https://example.com/article2
2025-04-25 04:48:27.914 | WARNING  | src.scraper:scrape:119 - Attempt 2 failed: 404 Client Error: Not Found for url: https://example.com/article2
2025-04-25 04:48:29.955 | WARNING  | src.scraper:scrape:119 - Attempt 3 failed: 404 Client Error: Not Found for url: https://example.com/article2
2025-04-25 04:48:29.955 | ERROR    | src.scraper:scrape:121 - Failed to scrape article after 3 attempts
2025-04-25 04:48:29.956 | INFO     | src.storage:export_data:280 - Data exported successfully to data/articles_export.json
2025-04-25 04:50:41.088 | INFO     | src.scraper:scrape:89 - Scraping article from: https://www.bbc.com/news/technology-65919187
2025-04-25 04:50:42.890 | WARNING  | src.scraper:scrape:119 - Attempt 1 failed: 500 Server Error: Internal Server Error for url: https://www.bbc.com/news/technology-65919187
2025-04-25 04:50:46.011 | WARNING  | src.scraper:scrape:119 - Attempt 2 failed: 500 Server Error: Internal Server Error for url: https://www.bbc.com/news/technology-65919187
2025-04-25 04:50:47.235 | WARNING  | src.scraper:scrape:119 - Attempt 3 failed: 500 Server Error: Internal Server Error for url: https://www.bbc.com/news/technology-65919187
2025-04-25 04:50:47.235 | ERROR    | src.scraper:scrape:121 - Failed to scrape article after 3 attempts
2025-04-25 04:53:23.952 | INFO     | src.scraper:scrape:89 - Scraping article from: https://idrw.org/india-to-get-first-rafale-maritime-fighter-jet-in-2026/
2025-04-25 04:53:28.562 | WARNING  | src.scraper:scrape:119 - Attempt 1 failed: 404 Client Error: Not Found for url: https://idrw.org/india-to-get-first-rafale-maritime-fighter-jet-in-2026/
2025-04-25 04:53:33.415 | WARNING  | src.scraper:scrape:119 - Attempt 2 failed: ('Connection aborted.', RemoteDisconnected('Remote end closed connection without response'))
2025-04-25 04:53:37.772 | WARNING  | src.scraper:scrape:119 - Attempt 3 failed: 404 Client Error: Not Found for url: https://idrw.org/india-to-get-first-rafale-maritime-fighter-jet-in-2026/
2025-04-25 04:53:37.772 | ERROR    | src.scraper:scrape:121 - Failed to scrape article after 3 attempts
2025-04-25 04:53:37.773 | INFO     | src.scraper:scrape:89 - Scraping article from: https://www.strategicstudyindia.com/2024/04/indias-defence-exports-cross-rs-21000.html
2025-04-25 04:53:44.035 | WARNING  | src.scraper:scrape:119 - Attempt 1 failed: 404 Client Error: Not Found for url: https://www.strategicstudyindia.com/2024/04/indias-defence-exports-cross-rs-21000.html
2025-04-25 04:53:49.459 | WARNING  | src.scraper:scrape:119 - Attempt 2 failed: 404 Client Error: Not Found for url: https://www.strategicstudyindia.com/2024/04/indias-defence-exports-cross-rs-21000.html
2025-04-25 04:53:54.324 | WARNING  | src.scraper:scrape:119 - Attempt 3 failed: 404 Client Error: Not Found for url: https://www.strategicstudyindia.com/2024/04/indias-defence-exports-cross-rs-21000.html
2025-04-25 04:53:54.325 | ERROR    | src.scraper:scrape:121 - Failed to scrape article after 3 attempts
2025-04-25 04:55:40.425 | INFO     | src.scraper:scrape:89 - Scraping article from: https://idrw.org/iaf-and-drdo-explore-upgrades-for-ageing-phalcon-awacs-amid-push-for-indigenous-innovation/
2025-04-25 04:55:44.476 | SUCCESS  | src.scraper:scrape:115 - Successfully scraped article: IAF and DRDO Explore Upgrades for Ageing Phalcon AWACS Amid Push for Indigenous Innovation
2025-04-25 04:55:44.477 | INFO     | src.scraper:scrape:89 - Scraping article from: https://idrw.org/hal-prachand-set-to-boost-firepower-with-indigenous-80mm-unguided-rocket-upgrade/
2025-04-25 04:55:48.492 | SUCCESS  | src.scraper:scrape:115 - Successfully scraped article: HAL Prachand Set to Boost Firepower with Indigenous 80mm Unguided Rocket Upgrade
2025-04-25 04:55:48.493 | INFO     | src.scraper:scrape:89 - Scraping article from: https://idrw.org/saabs-gripen-e-offers-seamless-integration-of-indian-missiles-100-tot/
2025-04-25 04:55:52.372 | SUCCESS  | src.scraper:scrape:115 - Successfully scraped article: Saab’s Gripen-E offers Seamless Integration of Indian Missiles, 100% ToT
2025-04-25 04:59:06.972 | INFO     | src.scraper:scrape:89 - Scraping article from: https://idrw.org/iaf-and-drdo-explore-upgrades-for-ageing-phalcon-awacs-amid-push-for-indigenous-innovation/
2025-04-25 04:59:10.982 | SUCCESS  | src.scraper:scrape:115 - Successfully scraped article: IAF and DRDO Explore Upgrades for Ageing Phalcon AWACS Amid Push for Indigenous Innovation
2025-04-25 04:59:10.993 | INFO     | src.storage:save_article:79 - Article saved successfully: IAF and DRDO Explore Upgrades for Ageing Phalcon AWACS Amid Push for Indigenous Innovation
2025-04-25 04:59:10.993 | INFO     | src.scraper:scrape:89 - Scraping article from: https://idrw.org/hal-prachand-set-to-boost-firepower-with-indigenous-80mm-unguided-rocket-upgrade/
2025-04-25 04:59:15.817 | WARNING  | src.scraper:scrape:119 - Attempt 1 failed: ('Connection aborted.', RemoteDisconnected('Remote end closed connection without response'))
2025-04-25 04:59:20.765 | SUCCESS  | src.scraper:scrape:115 - Successfully scraped article: HAL Prachand Set to Boost Firepower with Indigenous 80mm Unguided Rocket Upgrade
2025-04-25 04:59:20.777 | INFO     | src.storage:save_article:79 - Article saved successfully: HAL Prachand Set to Boost Firepower with Indigenous 80mm Unguided Rocket Upgrade
2025-04-25 04:59:20.777 | INFO     | src.scraper:scrape:89 - Scraping article from: https://idrw.org/saabs-gripen-e-offers-seamless-integration-of-indian-missiles-100-tot/
2025-04-25 04:59:24.762 | SUCCESS  | src.scraper:scrape:115 - Successfully scraped article: Saab’s Gripen-E offers Seamless Integration of Indian Missiles, 100% ToT
2025-04-25 04:59:24.774 | INFO     | src.storage:save_article:79 - Article saved successfully: Saab’s Gripen-E offers Seamless Integration of Indian Missiles, 100% ToT
2025-04-25 05:00:21.096 | INFO     | src.scraper:scrape:89 - Scraping article from: https://www.strategicstudyindia.com/2025/04/how-uk-deal-on-diego-garcia-could.html
2025-04-25 05:00:28.544 | SUCCESS  | src.scraper:scrape:115 - Successfully scraped article: Indian Strategic Studies
2025-04-25 05:00:28.558 | INFO     | src.storage:save_article:79 - Article saved successfully: Indian Strategic Studies
2025-04-25 05:00:28.559 | INFO     | src.scraper:scrape:89 - Scraping article from: https://www.strategicstudyindia.com/2025/04/se-asia-keeps-peace-50-years-after.html
2025-04-25 05:00:36.165 | SUCCESS  | src.scraper:scrape:115 - Successfully scraped article: Indian Strategic Studies
2025-04-25 05:00:36.178 | INFO     | src.storage:save_article:79 - Article saved successfully: Indian Strategic Studies
2025-04-25 05:00:36.178 | INFO     | src.scraper:scrape:89 - Scraping article from: https://www.strategicstudyindia.com/2025/04/shattered-hegemony-rivalry-between-us.html
2025-04-25 05:00:42.927 | SUCCESS  | src.scraper:scrape:115 - Successfully scraped article: Indian Strategic Studies
2025-04-25 05:00:42.938 | INFO     | src.storage:save_article:79 - Article saved successfully: Indian Strategic Studies
2025-04-25 05:03:03.984 | INFO     | src.enhanced_scraper:scrape:62 - Scraping article from: https://www.strategicstudyindia.com/2025/04/how-uk-deal-on-diego-garcia-could.html
2025-04-25 05:03:11.766 | SUCCESS  | src.enhanced_scraper:scrape:88 - Successfully scraped article: How the U.K. Deal on Diego Garcia Could Reshape U.S. Military in the Indian Ocean
2025-04-25 05:03:11.778 | INFO     | src.storage:save_article:79 - Article saved successfully: How the U.K. Deal on Diego Garcia Could Reshape U.S. Military in the Indian Ocean
2025-04-25 05:03:11.779 | INFO     | src.enhanced_scraper:scrape:62 - Scraping article from: https://www.strategicstudyindia.com/2025/04/se-asia-keeps-peace-50-years-after.html
2025-04-25 05:03:18.796 | SUCCESS  | src.enhanced_scraper:scrape:88 - Successfully scraped article: SE Asia keeps the peace 50 years after Vietnam War
2025-04-25 05:03:18.808 | INFO     | src.storage:save_article:79 - Article saved successfully: SE Asia keeps the peace 50 years after Vietnam War
2025-04-25 05:03:18.808 | INFO     | src.enhanced_scraper:scrape:62 - Scraping article from: https://www.strategicstudyindia.com/2025/04/shattered-hegemony-rivalry-between-us.html
2025-04-25 05:03:26.725 | SUCCESS  | src.enhanced_scraper:scrape:88 - Successfully scraped article: Shattered Hegemony: Rivalry Between US And China In New Era Of Politics Of Force – Analysis
2025-04-25 05:03:26.735 | INFO     | src.storage:save_article:79 - Article saved successfully: Shattered Hegemony: Rivalry Between US And China In New Era Of Politics Of Force – Analysis
2025-04-25 05:22:01.056 | INFO     | src.enhanced_scraper:scrape:62 - Scraping article from: https://www.strategicstudyindia.com/2025/04/how-uk-deal-on-diego-garcia-could.html
2025-04-25 05:22:08.494 | SUCCESS  | src.enhanced_scraper:scrape:88 - Successfully scraped article: How the U.K. Deal on Diego Garcia Could Reshape U.S. Military in the Indian Ocean
2025-04-25 05:22:08.509 | INFO     | src.storage:save_article:79 - Article saved successfully: How the U.K. Deal on Diego Garcia Could Reshape U.S. Military in the Indian Ocean
2025-04-25 05:23:20.883 | INFO     | src.enhanced_scraper:scrape:62 - Scraping article from: https://idrw.org/iaf-and-drdo-explore-upgrades-for-ageing-phalcon-awacs-amid-push-for-indigenous-innovation/
2025-04-25 05:23:25.650 | SUCCESS  | src.enhanced_scraper:scrape:88 - Successfully scraped article: IAF and DRDO Explore Upgrades for Ageing Phalcon AWACS Amid Push for Indigenous Innovation
2025-04-25 05:23:25.663 | INFO     | src.storage:save_article:79 - Article saved successfully: IAF and DRDO Explore Upgrades for Ageing Phalcon AWACS Amid Push for Indigenous Innovation
2025-04-25 06:01:54.174 | INFO     | src.web_scraper:scrape:110 - Scraping article from: https://idrw.org/iaf-and-drdo-explore-upgrades-for-ageing-phalcon-awacs-amid-push-for-indigenous-innovation/
2025-04-25 06:01:58.917 | SUCCESS  | src.web_scraper:scrape:136 - Successfully scraped article: IAF and DRDO Explore Upgrades for Ageing Phalcon AWACS Amid Push for Indigenous Innovation
2025-04-25 06:01:58.919 | INFO     | src.web_scraper:scrape:110 - Scraping article from: https://idrw.org/hal-prachand-set-to-boost-firepower-with-indigenous-80mm-unguided-rocket-upgrade/
2025-04-25 06:02:02.806 | SUCCESS  | src.web_scraper:scrape:136 - Successfully scraped article: HAL Prachand Set to Boost Firepower with Indigenous 80mm Unguided Rocket Upgrade
2025-04-25 06:02:02.808 | INFO     | src.web_scraper:scrape:110 - Scraping article from: https://idrw.org/saabs-gripen-e-offers-seamless-integration-of-indian-missiles-100-tot/
2025-04-25 06:02:06.580 | SUCCESS  | src.web_scraper:scrape:136 - Successfully scraped article: Saab’s Gripen-E offers Seamless Integration of Indian Missiles, 100% ToT
2025-04-25 06:02:06.581 | INFO     | src.web_scraper:scrape:110 - Scraping article from: https://idrw.org/since-balakot-iafs-arsenal-of-long-range-missiles-now-enables-strikes-deep-inside-pakistan-without-crossing-the-border/
2025-04-25 06:02:11.398 | SUCCESS  | src.web_scraper:scrape:136 - Successfully scraped article: Since Balakot: IAF’s Arsenal of Long-Range Missiles Now Enables Strikes Deep Inside Pakistan Without Crossing the Border
2025-04-25 06:02:11.401 | INFO     | src.web_scraper:scrape:110 - Scraping article from: https://idrw.org/securing-indias-air-superiority-preemptively-neutralizing-pafs-deep-strike-capabilities/
2025-04-25 06:02:16.081 | SUCCESS  | src.web_scraper:scrape:136 - Successfully scraped article: Securing India’s Air Superiority: Preemptively Neutralizing PAF’s Deep Strike Capabilities.
2025-04-25 06:02:16.082 | INFO     | src.web_scraper:scrape:110 - Scraping article from: https://idrw.org/ins-vikrant-sails-in-the-arabian-sea-a-strategic-signal-amid-india-pakistan-tensions/
2025-04-25 06:02:19.710 | SUCCESS  | src.web_scraper:scrape:136 - Successfully scraped article: INS Vikrant Sails in the Arabian Sea: A Strategic Signal Amid India-Pakistan Tensions
2025-04-25 06:02:19.713 | INFO     | src.web_scraper:scrape:110 - Scraping article from: https://idrw.org/pakistan-considering-withdrawal-from-tashkent-agreement-post-shimla-agreement/
2025-04-25 06:02:23.753 | SUCCESS  | src.web_scraper:scrape:136 - Successfully scraped article: Pakistan Considering Withdrawal from Tashkent Agreement Post-Shimla Agreement
2025-04-25 06:02:23.755 | INFO     | src.web_scraper:scrape:110 - Scraping article from: https://idrw.org/pakistan-to-conduct-surface-to-surface-missile-test-off-karachi-coast/
2025-04-25 06:02:28.580 | WARNING  | src.web_scraper:scrape:140 - Attempt 1 failed: ('Connection aborted.', RemoteDisconnected('Remote end closed connection without response'))
2025-04-25 06:02:33.812 | SUCCESS  | src.web_scraper:scrape:136 - Successfully scraped article: Pakistan to conduct surface-to-surface missile test off Karachi coast
2025-04-25 06:02:33.813 | INFO     | src.web_scraper:scrape:110 - Scraping article from: https://idrw.org/with-eyes-on-pakistan-india-speeds-up-launch-of-special-spy-satellite/
2025-04-25 06:02:37.479 | SUCCESS  | src.web_scraper:scrape:136 - Successfully scraped article: With eyes on Pakistan, India speeds up launch of special spy satellite
2025-04-25 06:02:37.480 | INFO     | src.web_scraper:scrape:110 - Scraping article from: https://idrw.org/on-indias-indus-waters-treaty-suspension-move-paks-act-of-war-response/
2025-04-25 06:02:41.777 | SUCCESS  | src.web_scraper:scrape:136 - Successfully scraped article: On India’s Indus Waters Treaty Suspension Move, Pak’s “Act Of War” Response
2025-04-25 06:02:45.127 | INFO     | src.web_scraper:scrape:110 - Scraping article from: https://www.strategicstudyindia.com/2025/04/how-uk-deal-on-diego-garcia-could.html
2025-04-25 06:02:51.441 | SUCCESS  | src.web_scraper:scrape:136 - Successfully scraped article: How the U.K. Deal on Diego Garcia Could Reshape U.S. Military in the Indian Ocean
2025-04-25 06:02:51.442 | INFO     | src.web_scraper:scrape:110 - Scraping article from: https://www.strategicstudyindia.com/2025/04/se-asia-keeps-peace-50-years-after.html
2025-04-25 06:02:57.536 | SUCCESS  | src.web_scraper:scrape:136 - Successfully scraped article: SE Asia keeps the peace 50 years after Vietnam War
2025-04-25 06:02:57.537 | INFO     | src.web_scraper:scrape:110 - Scraping article from: https://www.strategicstudyindia.com/2025/04/shattered-hegemony-rivalry-between-us.html
2025-04-25 06:03:04.374 | SUCCESS  | src.web_scraper:scrape:136 - Successfully scraped article: Shattered Hegemony: Rivalry Between US And China In New Era Of Politics Of Force – Analysis
2025-04-25 06:03:04.375 | INFO     | src.web_scraper:scrape:110 - Scraping article from: https://www.strategicstudyindia.com/2025/04/chinas-deceitful-disastrous-projects-in.html
2025-04-25 06:03:10.166 | SUCCESS  | src.web_scraper:scrape:136 - Successfully scraped article: China’s deceitful, disastrous projects in Latin America and Africa
2025-04-25 06:03:10.168 | INFO     | src.web_scraper:scrape:110 - Scraping article from: https://www.strategicstudyindia.com/2025/04/moon-mars-china-leads-to-both-opinion.html
2025-04-25 06:03:17.560 | SUCCESS  | src.web_scraper:scrape:136 - Successfully scraped article: Moon, Mars — China leads to both - Opinion
2025-04-25 06:03:17.562 | INFO     | src.web_scraper:scrape:110 - Scraping article from: https://www.strategicstudyindia.com/2025/04/hegseth-said-to-have-shared-attack_01183485983.html
2025-04-25 06:03:23.810 | SUCCESS  | src.web_scraper:scrape:136 - Successfully scraped article: Hegseth Said to Have Shared Attack Details in Second Signal Chat
2025-04-25 06:03:23.811 | INFO     | src.web_scraper:scrape:110 - Scraping article from: https://www.strategicstudyindia.com/2025/04/command-politics-of-military-operations.html
2025-04-25 06:03:29.984 | SUCCESS  | src.web_scraper:scrape:136 - Successfully scraped article: Command: The Politics of Military Operations from Korea to Ukraine
2025-04-25 06:03:29.985 | INFO     | src.web_scraper:scrape:110 - Scraping article from: https://www.strategicstudyindia.com/2025/04/this-is-how-washington-loses-pacific.html
2025-04-25 06:03:36.780 | SUCCESS  | src.web_scraper:scrape:136 - Successfully scraped article: This Is How Washington Loses the Pacific Islands
2025-04-25 06:03:36.781 | INFO     | src.web_scraper:scrape:110 - Scraping article from: https://www.strategicstudyindia.com/2025/04/pentagon-meltdown-will-donald-trump.html
2025-04-25 06:03:43.471 | SUCCESS  | src.web_scraper:scrape:136 - Successfully scraped article: Pentagon “Meltdown”: Will Donald Trump Dump Pete Hegseth?
2025-04-25 06:03:43.472 | INFO     | src.web_scraper:scrape:110 - Scraping article from: https://www.strategicstudyindia.com/2025/04/is-us-manufacturing-truly-as-fragile-as.html
2025-04-25 06:03:51.221 | SUCCESS  | src.web_scraper:scrape:136 - Successfully scraped article: Is US Manufacturing Truly As Fragile As It Seems? – Analysis
